Vivado Simulator 2020.2
Copyright 1986-1999, 2001-2020 Xilinx, Inc. All Rights Reserved.
Running: C:/Xilinx/Vivado/2020.2/bin/unwrapped/win64.o/xelab.exe -wto 52b73ad891564e2abcf8a40b4822fde0 --incr --debug typical --relax --mt 2 -L xil_defaultlib -L secureip --snapshot top_behav xil_defaultlib.top -log elaborate.log 
Using 2 slave threads.
Starting static elaboration
Completed static elaboration
Starting simulation data flow analysis
Completed simulation data flow analysis
Time Resolution for simulation is 1ps
Compiling package std.standard
Compiling package std.textio
Compiling package ieee.std_logic_1164
Compiling package ieee.std_logic_arith
Compiling package ieee.std_logic_unsigned
Compiling package ieee.numeric_std
Compiling architecture behavioral of entity xil_defaultlib.bcd_counter [bcd_counter_default]
Compiling architecture behavioral of entity xil_defaultlib.upcounter [\upcounter(width=23)\]
Compiling architecture behavioral of entity xil_defaultlib.muxNbits8x1 [muxnbits8x1_default]
Compiling architecture behavioral of entity xil_defaultlib.decoder8bit [decoder8bit_default]
Compiling architecture behavioral of entity xil_defaultlib.upcounter [\upcounter(width=3)\]
Compiling architecture rom of entity xil_defaultlib.hex7seg [hex7seg_default]
Compiling architecture behavioral of entity xil_defaultlib.ctrl7seg [ctrl7seg_default]
Compiling architecture behavioral of entity xil_defaultlib.top
Built simulation snapshot top_behav
