#-----------------------------------------------------------
# Vivado v2020.2 (64-bit)
# SW Build 3064766 on Wed Nov 18 09:12:45 MST 2020
# IP Build 3064653 on Wed Nov 18 14:17:31 MST 2020
# Start of session at: Wed Apr 14 17:15:16 2021
# Process ID: 17904
# Current directory: C:/Users/Lauri/Desktop/Spring2021/4304VHDL/Labs/Lab 5/ECE4304L_Lab5_VHDL/ECE4304L_Lab5_VHDL
# Command line: vivado.exe -gui_launcher_event rodinguilauncherevent16680 C:\Users\Lauri\Desktop\Spring2021\4304VHDL\Labs\Lab 5\ECE4304L_Lab5_VHDL\ECE4304L_Lab5_VHDL\ECE4304L_Lab5_VHDL.xpr
# Log file: C:/Users/Lauri/Desktop/Spring2021/4304VHDL/Labs/Lab 5/ECE4304L_Lab5_VHDL/ECE4304L_Lab5_VHDL/vivado.log
# Journal file: C:/Users/Lauri/Desktop/Spring2021/4304VHDL/Labs/Lab 5/ECE4304L_Lab5_VHDL/ECE4304L_Lab5_VHDL\vivado.jou
#-----------------------------------------------------------
start_gui
open_project {C:/Users/Lauri/Desktop/Spring2021/4304VHDL/Labs/Lab 5/ECE4304L_Lab5_VHDL/ECE4304L_Lab5_VHDL/ECE4304L_Lab5_VHDL.xpr}
INFO: [ProjectBase 1-489] The host OS only allows 260 characters in a normal path. The project is stored in a path with more than 80 characters. If you experience issues with IP, Block Designs, or files not being found, please consider moving the project to a location with a shorter path. Alternately consider using the OS subst command to map part of the path to a drive letter.
Current project path is 'C:/Users/Lauri/Desktop/Spring2021/4304VHDL/Labs/Lab 5/ECE4304L_Lab5_VHDL/ECE4304L_Lab5_VHDL'
INFO: [Project 1-313] Project file moved from 'C:/Users/Lauri/Downloads/ECE4304L_Lab5_VHDL/ECE4304L_Lab5_VHDL' since last save.
Scanning sources...
Finished scanning sources
INFO: [IP_Flow 19-234] Refreshing IP repositories
INFO: [IP_Flow 19-1704] No user IP repositories specified
INFO: [IP_Flow 19-2313] Loaded Vivado IP repository 'C:/Xilinx/Vivado/2020.2/data/ip'.
open_project: Time (s): cpu = 00:00:17 ; elapsed = 00:00:07 . Memory (MB): peak = 1106.004 ; gain = 0.000
update_compile_order -fileset sources_1
exit
INFO: [Common 17-206] Exiting Vivado at Wed Apr 14 19:51:12 2021...
