
*** Running vivado
    with args -log top.vds -m64 -product Vivado -mode batch -messageDb vivado.pb -notrace -source top.tcl



****** Vivado v2020.2 (64-bit)
  **** SW Build 3064766 on Wed Nov 18 09:12:45 MST 2020
  **** IP Build 3064653 on Wed Nov 18 14:17:31 MST 2020
    ** Copyright 1986-2020 Xilinx, Inc. All Rights Reserved.

source top.tcl -notrace
Command: synth_design -top top -part xc7a100tcsg324-1
Starting synth_design
Attempting to get a license for feature 'Synthesis' and/or device 'xc7a100t'
INFO: [Common 17-349] Got license for feature 'Synthesis' and/or device 'xc7a100t'
INFO: [Device 21-403] Loading part xc7a100tcsg324-1
INFO: [Synth 8-7079] Multithreading enabled for synth_design using a maximum of 2 processes.
INFO: [Synth 8-7078] Launching helper process for spawning children vivado processes
INFO: [Synth 8-7075] Helper process launched with PID 19320
---------------------------------------------------------------------------------
Starting RTL Elaboration : Time (s): cpu = 00:00:03 ; elapsed = 00:00:03 . Memory (MB): peak = 1115.277 ; gain = 8.785
---------------------------------------------------------------------------------
INFO: [Synth 8-638] synthesizing module 'top' [C:/Users/Lauri/Desktop/Spring2021/4304VHDL/Labs/Lab4/ECE4304L_Lab4_VHDL/ECE4304L_Lab4_VHDL/ECE4304L_Lab4_VHDL.srcs/sources_1/new/top.vhd:45]
	Parameter WIDTH bound to: 23 - type: integer 
INFO: [Synth 8-3491] module 'upcounter' declared at 'C:/Users/Lauri/Desktop/Spring2021/4304VHDL/Labs/Lab4/ECE4304L_Lab4_VHDL/ECE4304L_Lab4_VHDL/ECE4304L_Lab4_VHDL.srcs/sources_1/new/upcounter.vhd:37' bound to instance 'CLKDIV' of component 'upcounter' [C:/Users/Lauri/Desktop/Spring2021/4304VHDL/Labs/Lab4/ECE4304L_Lab4_VHDL/ECE4304L_Lab4_VHDL/ECE4304L_Lab4_VHDL.srcs/sources_1/new/top.vhd:101]
INFO: [Synth 8-638] synthesizing module 'upcounter' [C:/Users/Lauri/Desktop/Spring2021/4304VHDL/Labs/Lab4/ECE4304L_Lab4_VHDL/ECE4304L_Lab4_VHDL/ECE4304L_Lab4_VHDL.srcs/sources_1/new/upcounter.vhd:44]
	Parameter WIDTH bound to: 23 - type: integer 
INFO: [Synth 8-256] done synthesizing module 'upcounter' (1#1) [C:/Users/Lauri/Desktop/Spring2021/4304VHDL/Labs/Lab4/ECE4304L_Lab4_VHDL/ECE4304L_Lab4_VHDL/ECE4304L_Lab4_VHDL.srcs/sources_1/new/upcounter.vhd:44]
	Parameter CLKDIV bound to: 0 - type: integer 
INFO: [Synth 8-3491] module 'ctrl7seg' declared at 'C:/Users/Lauri/Desktop/Spring2021/4304VHDL/Labs/Lab4/ECE4304L_Lab4_VHDL/ECE4304L_Lab4_VHDL/ECE4304L_Lab4_VHDL.srcs/sources_1/new/ctrl7seg.vhd:34' bound to instance 'C7S' of component 'ctrl7seg' [C:/Users/Lauri/Desktop/Spring2021/4304VHDL/Labs/Lab4/ECE4304L_Lab4_VHDL/ECE4304L_Lab4_VHDL/ECE4304L_Lab4_VHDL.srcs/sources_1/new/top.vhd:109]
INFO: [Synth 8-638] synthesizing module 'ctrl7seg' [C:/Users/Lauri/Desktop/Spring2021/4304VHDL/Labs/Lab4/ECE4304L_Lab4_VHDL/ECE4304L_Lab4_VHDL/ECE4304L_Lab4_VHDL.srcs/sources_1/new/ctrl7seg.vhd:54]
	Parameter CLKDIV bound to: 0 - type: integer 
	Parameter N bound to: 4 - type: integer 
INFO: [Synth 8-3491] module 'muxNbits8x1' declared at 'C:/Users/Lauri/Desktop/Spring2021/4304VHDL/Labs/Lab4/ECE4304L_Lab4_VHDL/ECE4304L_Lab4_VHDL/ECE4304L_Lab4_VHDL.srcs/sources_1/new/muxNbits8x1.vhd:34' bound to instance 'MUX' of component 'muxNbits8x1' [C:/Users/Lauri/Desktop/Spring2021/4304VHDL/Labs/Lab4/ECE4304L_Lab4_VHDL/ECE4304L_Lab4_VHDL/ECE4304L_Lab4_VHDL.srcs/sources_1/new/ctrl7seg.vhd:98]
INFO: [Synth 8-638] synthesizing module 'muxNbits8x1' [C:/Users/Lauri/Desktop/Spring2021/4304VHDL/Labs/Lab4/ECE4304L_Lab4_VHDL/ECE4304L_Lab4_VHDL/ECE4304L_Lab4_VHDL.srcs/sources_1/new/muxNbits8x1.vhd:50]
	Parameter N bound to: 4 - type: integer 
INFO: [Synth 8-226] default block is never used [C:/Users/Lauri/Desktop/Spring2021/4304VHDL/Labs/Lab4/ECE4304L_Lab4_VHDL/ECE4304L_Lab4_VHDL/ECE4304L_Lab4_VHDL.srcs/sources_1/new/muxNbits8x1.vhd:56]
INFO: [Synth 8-256] done synthesizing module 'muxNbits8x1' (2#1) [C:/Users/Lauri/Desktop/Spring2021/4304VHDL/Labs/Lab4/ECE4304L_Lab4_VHDL/ECE4304L_Lab4_VHDL/ECE4304L_Lab4_VHDL.srcs/sources_1/new/muxNbits8x1.vhd:50]
INFO: [Synth 8-3491] module 'decoder8bit' declared at 'C:/Users/Lauri/Desktop/Spring2021/4304VHDL/Labs/Lab4/ECE4304L_Lab4_VHDL/ECE4304L_Lab4_VHDL/ECE4304L_Lab4_VHDL.srcs/sources_1/new/decoder8bit.vhd:37' bound to instance 'DEC' of component 'decoder8bit' [C:/Users/Lauri/Desktop/Spring2021/4304VHDL/Labs/Lab4/ECE4304L_Lab4_VHDL/ECE4304L_Lab4_VHDL/ECE4304L_Lab4_VHDL.srcs/sources_1/new/ctrl7seg.vhd:114]
INFO: [Synth 8-638] synthesizing module 'decoder8bit' [C:/Users/Lauri/Desktop/Spring2021/4304VHDL/Labs/Lab4/ECE4304L_Lab4_VHDL/ECE4304L_Lab4_VHDL/ECE4304L_Lab4_VHDL.srcs/sources_1/new/decoder8bit.vhd:44]
INFO: [Synth 8-256] done synthesizing module 'decoder8bit' (3#1) [C:/Users/Lauri/Desktop/Spring2021/4304VHDL/Labs/Lab4/ECE4304L_Lab4_VHDL/ECE4304L_Lab4_VHDL/ECE4304L_Lab4_VHDL.srcs/sources_1/new/decoder8bit.vhd:44]
	Parameter WIDTH bound to: 3 - type: integer 
INFO: [Synth 8-3491] module 'upcounter' declared at 'C:/Users/Lauri/Desktop/Spring2021/4304VHDL/Labs/Lab4/ECE4304L_Lab4_VHDL/ECE4304L_Lab4_VHDL/ECE4304L_Lab4_VHDL.srcs/sources_1/new/upcounter.vhd:37' bound to instance 'CNT' of component 'upcounter' [C:/Users/Lauri/Desktop/Spring2021/4304VHDL/Labs/Lab4/ECE4304L_Lab4_VHDL/ECE4304L_Lab4_VHDL/ECE4304L_Lab4_VHDL.srcs/sources_1/new/ctrl7seg.vhd:121]
INFO: [Synth 8-638] synthesizing module 'upcounter__parameterized1' [C:/Users/Lauri/Desktop/Spring2021/4304VHDL/Labs/Lab4/ECE4304L_Lab4_VHDL/ECE4304L_Lab4_VHDL/ECE4304L_Lab4_VHDL.srcs/sources_1/new/upcounter.vhd:44]
	Parameter WIDTH bound to: 3 - type: integer 
INFO: [Synth 8-256] done synthesizing module 'upcounter__parameterized1' (3#1) [C:/Users/Lauri/Desktop/Spring2021/4304VHDL/Labs/Lab4/ECE4304L_Lab4_VHDL/ECE4304L_Lab4_VHDL/ECE4304L_Lab4_VHDL.srcs/sources_1/new/upcounter.vhd:44]
INFO: [Synth 8-3491] module 'hex7seg' declared at 'C:/Users/Lauri/Desktop/Spring2021/4304VHDL/Labs/Lab4/ECE4304L_Lab4_VHDL/ECE4304L_Lab4_VHDL/ECE4304L_Lab4_VHDL.srcs/sources_1/new/hex7seg.vhd:34' bound to instance 'H7S' of component 'hex7seg' [C:/Users/Lauri/Desktop/Spring2021/4304VHDL/Labs/Lab4/ECE4304L_Lab4_VHDL/ECE4304L_Lab4_VHDL/ECE4304L_Lab4_VHDL.srcs/sources_1/new/ctrl7seg.vhd:130]
INFO: [Synth 8-638] synthesizing module 'hex7seg' [C:/Users/Lauri/Desktop/Spring2021/4304VHDL/Labs/Lab4/ECE4304L_Lab4_VHDL/ECE4304L_Lab4_VHDL/ECE4304L_Lab4_VHDL.srcs/sources_1/new/hex7seg.vhd:39]
INFO: [Synth 8-226] default block is never used [C:/Users/Lauri/Desktop/Spring2021/4304VHDL/Labs/Lab4/ECE4304L_Lab4_VHDL/ECE4304L_Lab4_VHDL/ECE4304L_Lab4_VHDL.srcs/sources_1/new/hex7seg.vhd:45]
INFO: [Synth 8-256] done synthesizing module 'hex7seg' (4#1) [C:/Users/Lauri/Desktop/Spring2021/4304VHDL/Labs/Lab4/ECE4304L_Lab4_VHDL/ECE4304L_Lab4_VHDL/ECE4304L_Lab4_VHDL.srcs/sources_1/new/hex7seg.vhd:39]
INFO: [Synth 8-256] done synthesizing module 'ctrl7seg' (5#1) [C:/Users/Lauri/Desktop/Spring2021/4304VHDL/Labs/Lab4/ECE4304L_Lab4_VHDL/ECE4304L_Lab4_VHDL/ECE4304L_Lab4_VHDL.srcs/sources_1/new/ctrl7seg.vhd:54]
INFO: [Synth 8-3491] module 'bcd_counter' declared at 'C:/Users/Lauri/Desktop/Spring2021/4304VHDL/Labs/Lab4/ECE4304L_Lab4_VHDL/ECE4304L_Lab4_VHDL/ECE4304L_Lab4_VHDL.srcs/sources_1/new/bcd_counter.vhd:34' bound to instance 'BCD_UNIT' of component 'bcd_counter' [C:/Users/Lauri/Desktop/Spring2021/4304VHDL/Labs/Lab4/ECE4304L_Lab4_VHDL/ECE4304L_Lab4_VHDL/ECE4304L_Lab4_VHDL.srcs/sources_1/new/top.vhd:129]
INFO: [Synth 8-638] synthesizing module 'bcd_counter' [C:/Users/Lauri/Desktop/Spring2021/4304VHDL/Labs/Lab4/ECE4304L_Lab4_VHDL/ECE4304L_Lab4_VHDL/ECE4304L_Lab4_VHDL.srcs/sources_1/new/bcd_counter.vhd:45]
WARNING: [Synth 8-614] signal 'bcd_ud' is read in the process but is not in the sensitivity list [C:/Users/Lauri/Desktop/Spring2021/4304VHDL/Labs/Lab4/ECE4304L_Lab4_VHDL/ECE4304L_Lab4_VHDL/ECE4304L_Lab4_VHDL.srcs/sources_1/new/bcd_counter.vhd:89]
WARNING: [Synth 8-614] signal 'bcd_ud' is read in the process but is not in the sensitivity list [C:/Users/Lauri/Desktop/Spring2021/4304VHDL/Labs/Lab4/ECE4304L_Lab4_VHDL/ECE4304L_Lab4_VHDL/ECE4304L_Lab4_VHDL.srcs/sources_1/new/bcd_counter.vhd:119]
INFO: [Synth 8-256] done synthesizing module 'bcd_counter' (6#1) [C:/Users/Lauri/Desktop/Spring2021/4304VHDL/Labs/Lab4/ECE4304L_Lab4_VHDL/ECE4304L_Lab4_VHDL/ECE4304L_Lab4_VHDL.srcs/sources_1/new/bcd_counter.vhd:45]
INFO: [Synth 8-3491] module 'bcd_counter' declared at 'C:/Users/Lauri/Desktop/Spring2021/4304VHDL/Labs/Lab4/ECE4304L_Lab4_VHDL/ECE4304L_Lab4_VHDL/ECE4304L_Lab4_VHDL.srcs/sources_1/new/bcd_counter.vhd:34' bound to instance 'BCD_UNIT' of component 'bcd_counter' [C:/Users/Lauri/Desktop/Spring2021/4304VHDL/Labs/Lab4/ECE4304L_Lab4_VHDL/ECE4304L_Lab4_VHDL/ECE4304L_Lab4_VHDL.srcs/sources_1/new/top.vhd:129]
INFO: [Synth 8-3491] module 'bcd_counter' declared at 'C:/Users/Lauri/Desktop/Spring2021/4304VHDL/Labs/Lab4/ECE4304L_Lab4_VHDL/ECE4304L_Lab4_VHDL/ECE4304L_Lab4_VHDL.srcs/sources_1/new/bcd_counter.vhd:34' bound to instance 'BCD_UNIT' of component 'bcd_counter' [C:/Users/Lauri/Desktop/Spring2021/4304VHDL/Labs/Lab4/ECE4304L_Lab4_VHDL/ECE4304L_Lab4_VHDL/ECE4304L_Lab4_VHDL.srcs/sources_1/new/top.vhd:129]
INFO: [Synth 8-3491] module 'bcd_counter' declared at 'C:/Users/Lauri/Desktop/Spring2021/4304VHDL/Labs/Lab4/ECE4304L_Lab4_VHDL/ECE4304L_Lab4_VHDL/ECE4304L_Lab4_VHDL.srcs/sources_1/new/bcd_counter.vhd:34' bound to instance 'BCD_UNIT' of component 'bcd_counter' [C:/Users/Lauri/Desktop/Spring2021/4304VHDL/Labs/Lab4/ECE4304L_Lab4_VHDL/ECE4304L_Lab4_VHDL/ECE4304L_Lab4_VHDL.srcs/sources_1/new/top.vhd:129]
INFO: [Synth 8-3491] module 'bcd_counter' declared at 'C:/Users/Lauri/Desktop/Spring2021/4304VHDL/Labs/Lab4/ECE4304L_Lab4_VHDL/ECE4304L_Lab4_VHDL/ECE4304L_Lab4_VHDL.srcs/sources_1/new/bcd_counter.vhd:34' bound to instance 'BCD_UNIT' of component 'bcd_counter' [C:/Users/Lauri/Desktop/Spring2021/4304VHDL/Labs/Lab4/ECE4304L_Lab4_VHDL/ECE4304L_Lab4_VHDL/ECE4304L_Lab4_VHDL.srcs/sources_1/new/top.vhd:129]
INFO: [Synth 8-3491] module 'bcd_counter' declared at 'C:/Users/Lauri/Desktop/Spring2021/4304VHDL/Labs/Lab4/ECE4304L_Lab4_VHDL/ECE4304L_Lab4_VHDL/ECE4304L_Lab4_VHDL.srcs/sources_1/new/bcd_counter.vhd:34' bound to instance 'BCD_UNIT' of component 'bcd_counter' [C:/Users/Lauri/Desktop/Spring2021/4304VHDL/Labs/Lab4/ECE4304L_Lab4_VHDL/ECE4304L_Lab4_VHDL/ECE4304L_Lab4_VHDL.srcs/sources_1/new/top.vhd:129]
INFO: [Synth 8-3491] module 'bcd_counter' declared at 'C:/Users/Lauri/Desktop/Spring2021/4304VHDL/Labs/Lab4/ECE4304L_Lab4_VHDL/ECE4304L_Lab4_VHDL/ECE4304L_Lab4_VHDL.srcs/sources_1/new/bcd_counter.vhd:34' bound to instance 'BCD_UNIT' of component 'bcd_counter' [C:/Users/Lauri/Desktop/Spring2021/4304VHDL/Labs/Lab4/ECE4304L_Lab4_VHDL/ECE4304L_Lab4_VHDL/ECE4304L_Lab4_VHDL.srcs/sources_1/new/top.vhd:129]
INFO: [Synth 8-3491] module 'bcd_counter' declared at 'C:/Users/Lauri/Desktop/Spring2021/4304VHDL/Labs/Lab4/ECE4304L_Lab4_VHDL/ECE4304L_Lab4_VHDL/ECE4304L_Lab4_VHDL.srcs/sources_1/new/bcd_counter.vhd:34' bound to instance 'BCD_UNIT' of component 'bcd_counter' [C:/Users/Lauri/Desktop/Spring2021/4304VHDL/Labs/Lab4/ECE4304L_Lab4_VHDL/ECE4304L_Lab4_VHDL/ECE4304L_Lab4_VHDL.srcs/sources_1/new/top.vhd:129]
INFO: [Synth 8-256] done synthesizing module 'top' (7#1) [C:/Users/Lauri/Desktop/Spring2021/4304VHDL/Labs/Lab4/ECE4304L_Lab4_VHDL/ECE4304L_Lab4_VHDL/ECE4304L_Lab4_VHDL.srcs/sources_1/new/top.vhd:45]
---------------------------------------------------------------------------------
Finished RTL Elaboration : Time (s): cpu = 00:00:04 ; elapsed = 00:00:04 . Memory (MB): peak = 1167.746 ; gain = 61.254
---------------------------------------------------------------------------------
---------------------------------------------------------------------------------
Start Handling Custom Attributes
---------------------------------------------------------------------------------
---------------------------------------------------------------------------------
Finished Handling Custom Attributes : Time (s): cpu = 00:00:04 ; elapsed = 00:00:05 . Memory (MB): peak = 1167.746 ; gain = 61.254
---------------------------------------------------------------------------------
---------------------------------------------------------------------------------
Finished RTL Optimization Phase 1 : Time (s): cpu = 00:00:04 ; elapsed = 00:00:05 . Memory (MB): peak = 1167.746 ; gain = 61.254
---------------------------------------------------------------------------------
Netlist sorting complete. Time (s): cpu = 00:00:00 ; elapsed = 00:00:00.002 . Memory (MB): peak = 1167.746 ; gain = 0.000
INFO: [Project 1-570] Preparing netlist for logic optimization

Processing XDC Constraints
Initializing timing engine
Parsing XDC File [C:/Users/Lauri/Desktop/Spring2021/4304VHDL/Labs/Lab4/ECE4304L_Lab4_VHDL/ECE4304L_Lab4_VHDL/ECE4304L_Lab4_VHDL.srcs/constrs_1/imports/ECE4304L/Nexys-A7-100T.xdc]
Finished Parsing XDC File [C:/Users/Lauri/Desktop/Spring2021/4304VHDL/Labs/Lab4/ECE4304L_Lab4_VHDL/ECE4304L_Lab4_VHDL/ECE4304L_Lab4_VHDL.srcs/constrs_1/imports/ECE4304L/Nexys-A7-100T.xdc]
INFO: [Project 1-236] Implementation specific constraints were found while reading constraint file [C:/Users/Lauri/Desktop/Spring2021/4304VHDL/Labs/Lab4/ECE4304L_Lab4_VHDL/ECE4304L_Lab4_VHDL/ECE4304L_Lab4_VHDL.srcs/constrs_1/imports/ECE4304L/Nexys-A7-100T.xdc]. These constraints will be ignored for synthesis but will be used in implementation. Impacted constraints are listed in the file [.Xil/top_propImpl.xdc].
Resolution: To avoid this warning, move constraints listed in [.Xil/top_propImpl.xdc] to another XDC file and exclude this new file from synthesis with the used_in_synthesis property (File Properties dialog in GUI) and re-run elaboration/synthesis.
Completed Processing XDC Constraints

Netlist sorting complete. Time (s): cpu = 00:00:00 ; elapsed = 00:00:00 . Memory (MB): peak = 1284.656 ; gain = 0.000
INFO: [Project 1-111] Unisim Transformation Summary:
No Unisim elements were transformed.

Constraint Validation Runtime : Time (s): cpu = 00:00:00 ; elapsed = 00:00:00.002 . Memory (MB): peak = 1284.656 ; gain = 0.000
---------------------------------------------------------------------------------
Finished Constraint Validation : Time (s): cpu = 00:00:09 ; elapsed = 00:00:10 . Memory (MB): peak = 1284.656 ; gain = 178.164
---------------------------------------------------------------------------------
---------------------------------------------------------------------------------
Start Loading Part and Timing Information
---------------------------------------------------------------------------------
Loading part: xc7a100tcsg324-1
---------------------------------------------------------------------------------
Finished Loading Part and Timing Information : Time (s): cpu = 00:00:09 ; elapsed = 00:00:10 . Memory (MB): peak = 1284.656 ; gain = 178.164
---------------------------------------------------------------------------------
---------------------------------------------------------------------------------
Start Applying 'set_property' XDC Constraints
---------------------------------------------------------------------------------
---------------------------------------------------------------------------------
Finished applying 'set_property' XDC Constraints : Time (s): cpu = 00:00:09 ; elapsed = 00:00:10 . Memory (MB): peak = 1284.656 ; gain = 178.164
---------------------------------------------------------------------------------
WARNING: [Synth 8-327] inferring latch for variable 'bcd_ud_buf_reg' [C:/Users/Lauri/Desktop/Spring2021/4304VHDL/Labs/Lab4/ECE4304L_Lab4_VHDL/ECE4304L_Lab4_VHDL/ECE4304L_Lab4_VHDL.srcs/sources_1/new/bcd_counter.vhd:122]
---------------------------------------------------------------------------------
Finished RTL Optimization Phase 2 : Time (s): cpu = 00:00:10 ; elapsed = 00:00:10 . Memory (MB): peak = 1284.656 ; gain = 178.164
---------------------------------------------------------------------------------
---------------------------------------------------------------------------------
Start RTL Component Statistics 
---------------------------------------------------------------------------------
Detailed RTL Component Info : 
+---Adders : 
	   2 Input    4 Bit       Adders := 16    
	   2 Input    3 Bit       Adders := 1     
+---XORs : 
	   2 Input      1 Bit         XORs := 8     
+---Registers : 
	                4 Bit    Registers := 8     
	                3 Bit    Registers := 1     
	                1 Bit    Registers := 8     
+---Muxes : 
	   2 Input    4 Bit        Muxes := 64    
	   2 Input    1 Bit        Muxes := 8     
---------------------------------------------------------------------------------
Finished RTL Component Statistics 
---------------------------------------------------------------------------------
---------------------------------------------------------------------------------
Start Part Resource Summary
---------------------------------------------------------------------------------
Part Resources:
DSPs: 240 (col length:80)
BRAMs: 270 (col length: RAMB18 80 RAMB36 40)
---------------------------------------------------------------------------------
Finished Part Resource Summary
---------------------------------------------------------------------------------
---------------------------------------------------------------------------------
Start Cross Boundary and Area Optimization
---------------------------------------------------------------------------------
---------------------------------------------------------------------------------
Finished Cross Boundary and Area Optimization : Time (s): cpu = 00:00:11 ; elapsed = 00:00:12 . Memory (MB): peak = 1284.656 ; gain = 178.164
---------------------------------------------------------------------------------
---------------------------------------------------------------------------------
Start Applying XDC Timing Constraints
---------------------------------------------------------------------------------
---------------------------------------------------------------------------------
Finished Applying XDC Timing Constraints : Time (s): cpu = 00:00:16 ; elapsed = 00:00:16 . Memory (MB): peak = 1284.656 ; gain = 178.164
---------------------------------------------------------------------------------
---------------------------------------------------------------------------------
Start Timing Optimization
---------------------------------------------------------------------------------
---------------------------------------------------------------------------------
Finished Timing Optimization : Time (s): cpu = 00:00:16 ; elapsed = 00:00:17 . Memory (MB): peak = 1289.715 ; gain = 183.223
---------------------------------------------------------------------------------
---------------------------------------------------------------------------------
Start Technology Mapping
---------------------------------------------------------------------------------
---------------------------------------------------------------------------------
Finished Technology Mapping : Time (s): cpu = 00:00:16 ; elapsed = 00:00:17 . Memory (MB): peak = 1290.527 ; gain = 184.035
---------------------------------------------------------------------------------
---------------------------------------------------------------------------------
Start IO Insertion
---------------------------------------------------------------------------------
---------------------------------------------------------------------------------
Start Flattening Before IO Insertion
---------------------------------------------------------------------------------
---------------------------------------------------------------------------------
Finished Flattening Before IO Insertion
---------------------------------------------------------------------------------
---------------------------------------------------------------------------------
Start Final Netlist Cleanup
---------------------------------------------------------------------------------
---------------------------------------------------------------------------------
Finished Final Netlist Cleanup
---------------------------------------------------------------------------------
---------------------------------------------------------------------------------
Finished IO Insertion : Time (s): cpu = 00:00:19 ; elapsed = 00:00:20 . Memory (MB): peak = 1297.277 ; gain = 190.785
---------------------------------------------------------------------------------
---------------------------------------------------------------------------------
Start Renaming Generated Instances
---------------------------------------------------------------------------------
---------------------------------------------------------------------------------
Finished Renaming Generated Instances : Time (s): cpu = 00:00:19 ; elapsed = 00:00:20 . Memory (MB): peak = 1297.277 ; gain = 190.785
---------------------------------------------------------------------------------
---------------------------------------------------------------------------------
Start Rebuilding User Hierarchy
---------------------------------------------------------------------------------
---------------------------------------------------------------------------------
Finished Rebuilding User Hierarchy : Time (s): cpu = 00:00:19 ; elapsed = 00:00:20 . Memory (MB): peak = 1297.277 ; gain = 190.785
---------------------------------------------------------------------------------
---------------------------------------------------------------------------------
Start Renaming Generated Ports
---------------------------------------------------------------------------------
---------------------------------------------------------------------------------
Finished Renaming Generated Ports : Time (s): cpu = 00:00:19 ; elapsed = 00:00:20 . Memory (MB): peak = 1297.277 ; gain = 190.785
---------------------------------------------------------------------------------
---------------------------------------------------------------------------------
Start Handling Custom Attributes
---------------------------------------------------------------------------------
---------------------------------------------------------------------------------
Finished Handling Custom Attributes : Time (s): cpu = 00:00:19 ; elapsed = 00:00:20 . Memory (MB): peak = 1297.277 ; gain = 190.785
---------------------------------------------------------------------------------
---------------------------------------------------------------------------------
Start Renaming Generated Nets
---------------------------------------------------------------------------------
---------------------------------------------------------------------------------
Finished Renaming Generated Nets : Time (s): cpu = 00:00:19 ; elapsed = 00:00:20 . Memory (MB): peak = 1297.277 ; gain = 190.785
---------------------------------------------------------------------------------
---------------------------------------------------------------------------------
Start Writing Synthesis Report
---------------------------------------------------------------------------------

Report BlackBoxes: 
+-+--------------+----------+
| |BlackBox name |Instances |
+-+--------------+----------+
+-+--------------+----------+

Report Cell Usage: 
+------+-------+------+
|      |Cell   |Count |
+------+-------+------+
|1     |BUFG   |     1|
|2     |CARRY4 |     6|
|3     |LUT1   |    10|
|4     |LUT2   |    18|
|5     |LUT3   |    25|
|6     |LUT4   |    47|
|7     |LUT5   |    31|
|8     |LUT6   |    29|
|9     |MUXF7  |     4|
|10    |FDCE   |    65|
|11    |FDPE   |    16|
|12    |LD     |     8|
|13    |LDC    |     8|
|14    |IBUF   |     5|
|15    |OBUF   |    16|
+------+-------+------+
---------------------------------------------------------------------------------
Finished Writing Synthesis Report : Time (s): cpu = 00:00:19 ; elapsed = 00:00:20 . Memory (MB): peak = 1297.277 ; gain = 190.785
---------------------------------------------------------------------------------
Synthesis finished with 0 errors, 0 critical warnings and 1 warnings.
Synthesis Optimization Runtime : Time (s): cpu = 00:00:13 ; elapsed = 00:00:18 . Memory (MB): peak = 1297.277 ; gain = 73.875
Synthesis Optimization Complete : Time (s): cpu = 00:00:19 ; elapsed = 00:00:20 . Memory (MB): peak = 1297.277 ; gain = 190.785
INFO: [Project 1-571] Translating synthesized netlist
Netlist sorting complete. Time (s): cpu = 00:00:00 ; elapsed = 00:00:00.002 . Memory (MB): peak = 1309.383 ; gain = 0.000
INFO: [Netlist 29-17] Analyzing 26 Unisim elements for replacement
INFO: [Netlist 29-28] Unisim Transformation completed in 0 CPU seconds
INFO: [Project 1-570] Preparing netlist for logic optimization
INFO: [Opt 31-138] Pushed 0 inverter(s) to 0 load pin(s).
Netlist sorting complete. Time (s): cpu = 00:00:00 ; elapsed = 00:00:00 . Memory (MB): peak = 1309.383 ; gain = 0.000
INFO: [Project 1-111] Unisim Transformation Summary:
  A total of 16 instances were transformed.
  LD => LDCE: 8 instances
  LDC => LDCE: 8 instances

INFO: [Common 17-83] Releasing license: Synthesis
47 Infos, 3 Warnings, 0 Critical Warnings and 0 Errors encountered.
synth_design completed successfully
synth_design: Time (s): cpu = 00:00:24 ; elapsed = 00:00:25 . Memory (MB): peak = 1309.383 ; gain = 202.891
INFO: [Common 17-1381] The checkpoint 'C:/Users/Lauri/Desktop/Spring2021/4304VHDL/Labs/Lab4/ECE4304L_Lab4_VHDL/ECE4304L_Lab4_VHDL/ECE4304L_Lab4_VHDL.runs/synth_1/top.dcp' has been generated.
INFO: [runtcl-4] Executing : report_utilization -file top_utilization_synth.rpt -pb top_utilization_synth.pb
INFO: [Common 17-206] Exiting Vivado at Wed Mar  3 15:58:07 2021...
