#-----------------------------------------------------------
# Vivado v2020.2 (64-bit)
# SW Build 3064766 on Wed Nov 18 09:12:45 MST 2020
# IP Build 3064653 on Wed Nov 18 14:17:31 MST 2020
# Start of session at: Wed Feb 24 11:07:56 2021
# Process ID: 21432
# Current directory: C:/Users/Lauri/Desktop/Spring2021/4304VHDL/Labs/Lab3/Lab3
# Command line: vivado.exe -gui_launcher_event rodinguilauncherevent13636 C:\Users\Lauri\Desktop\Spring2021\4304VHDL\Labs\Lab3\Lab3\Lab3.xpr
# Log file: C:/Users/Lauri/Desktop/Spring2021/4304VHDL/Labs/Lab3/Lab3/vivado.log
# Journal file: C:/Users/Lauri/Desktop/Spring2021/4304VHDL/Labs/Lab3/Lab3\vivado.jou
#-----------------------------------------------------------
start_gui
open_project C:/Users/Lauri/Desktop/Spring2021/4304VHDL/Labs/Lab3/Lab3/Lab3.xpr
WARNING: [filemgmt 56-3] Default IP Output Path : Could not find the directory 'C:/Users/Lauri/Desktop/Spring2021/4304VHDL/Labs/Lab3/Lab3/Lab3.gen/sources_1'.
Scanning sources...
Finished scanning sources
INFO: [IP_Flow 19-234] Refreshing IP repositories
INFO: [IP_Flow 19-1704] No user IP repositories specified
INFO: [IP_Flow 19-2313] Loaded Vivado IP repository 'C:/Xilinx/Vivado/2020.2/data/ip'.
open_project: Time (s): cpu = 00:00:14 ; elapsed = 00:00:06 . Memory (MB): peak = 1106.027 ; gain = 0.000
update_compile_order -fileset sources_1
close [ open C:/Users/Lauri/Desktop/Spring2021/4304VHDL/Labs/Lab3/Lab3/Lab3.srcs/sources_1/new/Time_Muxing2x1.vhd w ]
add_files C:/Users/Lauri/Desktop/Spring2021/4304VHDL/Labs/Lab3/Lab3/Lab3.srcs/sources_1/new/Time_Muxing2x1.vhd
update_compile_order -fileset sources_1
exit
INFO: [Common 17-206] Exiting Vivado at Wed Feb 24 13:09:34 2021...
