Copyright 1986-2020 Xilinx, Inc. All Rights Reserved.
------------------------------------------------------------------------------------------------------------
| Tool Version : Vivado v.2020.2 (win64) Build 3064766 Wed Nov 18 09:12:45 MST 2020
| Date         : Tue Feb  9 19:20:00 2021
| Host         : LAPTOP-T1RSJRV5 running 64-bit major release  (build 9200)
| Command      : report_drc -file muxNx1_drc_routed.rpt -pb muxNx1_drc_routed.pb -rpx muxNx1_drc_routed.rpx
| Design       : muxNx1
| Device       : xc7a100tcsg324-1
| Speed File   : -1
| Design State : Fully Routed
------------------------------------------------------------------------------------------------------------

Report DRC

Table of Contents
-----------------
1. REPORT SUMMARY
2. REPORT DETAILS

1. REPORT SUMMARY
-----------------
            Netlist: netlist
          Floorplan: design_1
      Design limits: <entire design considered>
           Ruledeck: default
             Max violations: <unlimited>
             Violations found: 5
+----------+------------------+-----------------------------------------------------+------------+
| Rule     | Severity         | Description                                         | Violations |
+----------+------------------+-----------------------------------------------------+------------+
| NSTD-1   | Critical Warning | Unspecified I/O Standard                            | 1          |
| UCIO-1   | Critical Warning | Unconstrained Logical Port                          | 1          |
| CFGBVS-1 | Warning          | Missing CFGBVS and CONFIG_VOLTAGE Design Properties | 1          |
| PLIO-3   | Warning          | Placement Constraints Check for IO constraints      | 2          |
+----------+------------------+-----------------------------------------------------+------------+

2. REPORT DETAILS
-----------------
NSTD-1#1 Critical Warning
Unspecified I/O Standard  
50 out of 71 logical ports use I/O standard (IOSTANDARD) value 'DEFAULT', instead of a user assigned specific value. This may cause I/O contention or incompatibility with the board power or connectivity affecting performance, signal integrity or in extreme cases cause damage to the device or the components to which it is connected. To correct this violation, specify all I/O standards. This design will fail to generate a bitstream unless all logical ports have a user specified I/O standard value defined. To allow bitstream creation with unspecified I/O standard values (not recommended), use this command: set_property SEVERITY {Warning} [get_drc_checks NSTD-1].  NOTE: When using the Vivado Runs infrastructure (e.g. launch_runs Tcl command), add this command to a .tcl file and add that file as a pre-hook for write_bitstream step for the implementation run. Problem ports: inp[49], inp[50], inp[51], inp[52], inp[53], inp[54], inp[55], inp[56],
inp[57], inp[58], inp[59], inp[60], inp[61], inp[62], inp[63]
 (the first 15 of 50 listed).
Related violations: <none>

UCIO-1#1 Critical Warning
Unconstrained Logical Port  
50 out of 71 logical ports have no user assigned specific location constraint (LOC). This may cause I/O contention or incompatibility with the board power or connectivity affecting performance, signal integrity or in extreme cases cause damage to the device or the components to which it is connected. To correct this violation, specify all pin locations. This design will fail to generate a bitstream unless all logical ports have a user specified site LOC constraint defined.  To allow bitstream creation with unspecified pin locations (not recommended), use this command: set_property SEVERITY {Warning} [get_drc_checks UCIO-1].  NOTE: When using the Vivado Runs infrastructure (e.g. launch_runs Tcl command), add this command to a .tcl file and add that file as a pre-hook for write_bitstream step for the implementation run.  Problem ports: inp[49], inp[50], inp[51], inp[52], inp[53], inp[54], inp[55], inp[56],
inp[57], inp[58], inp[59], inp[60], inp[61], inp[62], inp[63]
 (the first 15 of 50 listed).
Related violations: <none>

CFGBVS-1#1 Warning
Missing CFGBVS and CONFIG_VOLTAGE Design Properties  
Neither the CFGBVS nor CONFIG_VOLTAGE voltage property is set in the current_design.  Configuration bank voltage select (CFGBVS) must be set to VCCO or GND, and CONFIG_VOLTAGE must be set to the correct configuration voltage, in order to determine the I/O voltage support for the pins in bank 0.  It is suggested to specify these either using the 'Edit Device Properties' function in the GUI or directly in the XDC file using the following syntax:

 set_property CFGBVS value1 [current_design]
 #where value1 is either VCCO or GND

 set_property CONFIG_VOLTAGE value2 [current_design]
 #where value2 is the voltage provided to configuration bank 0

Refer to the device configuration user guide for more information.
Related violations: <none>

PLIO-3#1 Warning
Placement Constraints Check for IO constraints  
Partially locked IO Bus is found. Following components of the IO Bus inp[63:0] are not locked:  inp[63] inp[62] inp[61] inp[60] inp[59] inp[58] inp[57] inp[56] inp[55] inp[54] inp[53] inp[52] inp[51] inp[50] inp[49] inp[48] inp[47] inp[46] inp[45] inp[44] inp[43] inp[42] inp[41] inp[40] inp[39] inp[38] inp[37] inp[36] inp[35] inp[34] inp[33] inp[32] inp[31] inp[30] inp[29] inp[28] inp[27] inp[26] inp[25] inp[24] inp[23] inp[22] inp[21] inp[20] inp[19] inp[18] inp[17] inp[16]
Related violations: <none>

PLIO-3#2 Warning
Placement Constraints Check for IO constraints  
Partially locked IO Bus is found. Following components of the IO Bus sel[5:0] are not locked:  sel[5] sel[4]
Related violations: <none>


