#-----------------------------------------------------------
# Vivado v2020.2 (64-bit)
# SW Build 3064766 on Wed Nov 18 09:12:45 MST 2020
# IP Build 3064653 on Wed Nov 18 14:17:31 MST 2020
# Start of session at: Wed Feb 17 16:42:58 2021
# Process ID: 24848
# Current directory: C:/Users/Lauri/Downloads/Lab2_GenericDecoder/Lab2_GenericDecoder - Copy
# Command line: vivado.exe -gui_launcher_event rodinguilauncherevent14920 C:\Users\Lauri\Downloads\Lab2_GenericDecoder\Lab2_GenericDecoder - Copy\Lab2_GenericDecoder.xpr
# Log file: C:/Users/Lauri/Downloads/Lab2_GenericDecoder/Lab2_GenericDecoder - Copy/vivado.log
# Journal file: C:/Users/Lauri/Downloads/Lab2_GenericDecoder/Lab2_GenericDecoder - Copy\vivado.jou
#-----------------------------------------------------------
start_gui
open_project {C:/Users/Lauri/Downloads/Lab2_GenericDecoder/Lab2_GenericDecoder - Copy/Lab2_GenericDecoder.xpr}
Scanning sources...
Finished scanning sources
INFO: [IP_Flow 19-234] Refreshing IP repositories
INFO: [IP_Flow 19-1704] No user IP repositories specified
INFO: [IP_Flow 19-2313] Loaded Vivado IP repository 'C:/Xilinx/Vivado/2020.2/data/ip'.
update_compile_order -fileset sources_1
synth_design -rtl -rtl_skip_mlo -name rtl_1
Command: synth_design -rtl -rtl_skip_mlo -name rtl_1
Starting synth_design
Using part: xc7a100tcsg324-1
Top: Nbitdec
INFO: [Device 21-403] Loading part xc7a100tcsg324-1
---------------------------------------------------------------------------------
Starting RTL Elaboration : Time (s): cpu = 00:00:03 ; elapsed = 00:00:03 . Memory (MB): peak = 1553.258 ; gain = 230.812
---------------------------------------------------------------------------------
WARNING: [Synth 8-1565] actual for formal port rst is neither a static name nor a globally static expression [C:/Users/Lauri/Downloads/Lab2_GenericDecoder/Lab2_GenericDecoder - Copy/Lab2_GenericDecoder.srcs/sources_1/new/Nbitdec.vhd:81]
INFO: [Synth 8-638] synthesizing module 'Nbitdec' [C:/Users/Lauri/Downloads/Lab2_GenericDecoder/Lab2_GenericDecoder - Copy/Lab2_GenericDecoder.srcs/sources_1/new/Nbitdec.vhd:46]
	Parameter N bound to: 5 - type: integer 
	Parameter inMUX bound to: 16 - type: integer 
INFO: [Synth 8-3491] module 'dec2x4' declared at 'C:/Users/Lauri/Downloads/Lab2_GenericDecoder/Lab2_GenericDecoder - Copy/Lab2_GenericDecoder.srcs/sources_1/new/dec2x4.vhd:34' bound to instance 'D2x4' of component 'dec2x4' [C:/Users/Lauri/Downloads/Lab2_GenericDecoder/Lab2_GenericDecoder - Copy/Lab2_GenericDecoder.srcs/sources_1/new/Nbitdec.vhd:79]
INFO: [Synth 8-638] synthesizing module 'dec2x4' [C:/Users/Lauri/Downloads/Lab2_GenericDecoder/Lab2_GenericDecoder - Copy/Lab2_GenericDecoder.srcs/sources_1/new/dec2x4.vhd:43]
INFO: [Synth 8-226] default block is never used [C:/Users/Lauri/Downloads/Lab2_GenericDecoder/Lab2_GenericDecoder - Copy/Lab2_GenericDecoder.srcs/sources_1/new/dec2x4.vhd:52]
INFO: [Synth 8-256] done synthesizing module 'dec2x4' (1#1) [C:/Users/Lauri/Downloads/Lab2_GenericDecoder/Lab2_GenericDecoder - Copy/Lab2_GenericDecoder.srcs/sources_1/new/dec2x4.vhd:43]
INFO: [Synth 8-3491] module 'dec2x4' declared at 'C:/Users/Lauri/Downloads/Lab2_GenericDecoder/Lab2_GenericDecoder - Copy/Lab2_GenericDecoder.srcs/sources_1/new/dec2x4.vhd:34' bound to instance 'D2x4' of component 'dec2x4' [C:/Users/Lauri/Downloads/Lab2_GenericDecoder/Lab2_GenericDecoder - Copy/Lab2_GenericDecoder.srcs/sources_1/new/Nbitdec.vhd:79]
INFO: [Synth 8-3491] module 'dec2x4' declared at 'C:/Users/Lauri/Downloads/Lab2_GenericDecoder/Lab2_GenericDecoder - Copy/Lab2_GenericDecoder.srcs/sources_1/new/dec2x4.vhd:34' bound to instance 'D2x4' of component 'dec2x4' [C:/Users/Lauri/Downloads/Lab2_GenericDecoder/Lab2_GenericDecoder - Copy/Lab2_GenericDecoder.srcs/sources_1/new/Nbitdec.vhd:79]
INFO: [Synth 8-3491] module 'dec2x4' declared at 'C:/Users/Lauri/Downloads/Lab2_GenericDecoder/Lab2_GenericDecoder - Copy/Lab2_GenericDecoder.srcs/sources_1/new/dec2x4.vhd:34' bound to instance 'D2x4' of component 'dec2x4' [C:/Users/Lauri/Downloads/Lab2_GenericDecoder/Lab2_GenericDecoder - Copy/Lab2_GenericDecoder.srcs/sources_1/new/Nbitdec.vhd:79]
INFO: [Synth 8-3491] module 'dec2x4' declared at 'C:/Users/Lauri/Downloads/Lab2_GenericDecoder/Lab2_GenericDecoder - Copy/Lab2_GenericDecoder.srcs/sources_1/new/dec2x4.vhd:34' bound to instance 'D2x4' of component 'dec2x4' [C:/Users/Lauri/Downloads/Lab2_GenericDecoder/Lab2_GenericDecoder - Copy/Lab2_GenericDecoder.srcs/sources_1/new/Nbitdec.vhd:79]
INFO: [Synth 8-3491] module 'dec2x4' declared at 'C:/Users/Lauri/Downloads/Lab2_GenericDecoder/Lab2_GenericDecoder - Copy/Lab2_GenericDecoder.srcs/sources_1/new/dec2x4.vhd:34' bound to instance 'D2x4' of component 'dec2x4' [C:/Users/Lauri/Downloads/Lab2_GenericDecoder/Lab2_GenericDecoder - Copy/Lab2_GenericDecoder.srcs/sources_1/new/Nbitdec.vhd:79]
INFO: [Synth 8-3491] module 'dec2x4' declared at 'C:/Users/Lauri/Downloads/Lab2_GenericDecoder/Lab2_GenericDecoder - Copy/Lab2_GenericDecoder.srcs/sources_1/new/dec2x4.vhd:34' bound to instance 'D2x4' of component 'dec2x4' [C:/Users/Lauri/Downloads/Lab2_GenericDecoder/Lab2_GenericDecoder - Copy/Lab2_GenericDecoder.srcs/sources_1/new/Nbitdec.vhd:79]
INFO: [Synth 8-3491] module 'dec2x4' declared at 'C:/Users/Lauri/Downloads/Lab2_GenericDecoder/Lab2_GenericDecoder - Copy/Lab2_GenericDecoder.srcs/sources_1/new/dec2x4.vhd:34' bound to instance 'D2x4' of component 'dec2x4' [C:/Users/Lauri/Downloads/Lab2_GenericDecoder/Lab2_GenericDecoder - Copy/Lab2_GenericDecoder.srcs/sources_1/new/Nbitdec.vhd:79]
INFO: [Synth 8-3491] module 'dec2x4' declared at 'C:/Users/Lauri/Downloads/Lab2_GenericDecoder/Lab2_GenericDecoder - Copy/Lab2_GenericDecoder.srcs/sources_1/new/dec2x4.vhd:34' bound to instance 'D2x4' of component 'dec2x4' [C:/Users/Lauri/Downloads/Lab2_GenericDecoder/Lab2_GenericDecoder - Copy/Lab2_GenericDecoder.srcs/sources_1/new/Nbitdec.vhd:79]
INFO: [Synth 8-3491] module 'dec2x4' declared at 'C:/Users/Lauri/Downloads/Lab2_GenericDecoder/Lab2_GenericDecoder - Copy/Lab2_GenericDecoder.srcs/sources_1/new/dec2x4.vhd:34' bound to instance 'D2x4' of component 'dec2x4' [C:/Users/Lauri/Downloads/Lab2_GenericDecoder/Lab2_GenericDecoder - Copy/Lab2_GenericDecoder.srcs/sources_1/new/Nbitdec.vhd:79]
INFO: [Synth 8-3491] module 'dec2x4' declared at 'C:/Users/Lauri/Downloads/Lab2_GenericDecoder/Lab2_GenericDecoder - Copy/Lab2_GenericDecoder.srcs/sources_1/new/dec2x4.vhd:34' bound to instance 'D2x4' of component 'dec2x4' [C:/Users/Lauri/Downloads/Lab2_GenericDecoder/Lab2_GenericDecoder - Copy/Lab2_GenericDecoder.srcs/sources_1/new/Nbitdec.vhd:79]
INFO: [Synth 8-3491] module 'dec2x4' declared at 'C:/Users/Lauri/Downloads/Lab2_GenericDecoder/Lab2_GenericDecoder - Copy/Lab2_GenericDecoder.srcs/sources_1/new/dec2x4.vhd:34' bound to instance 'D2x4' of component 'dec2x4' [C:/Users/Lauri/Downloads/Lab2_GenericDecoder/Lab2_GenericDecoder - Copy/Lab2_GenericDecoder.srcs/sources_1/new/Nbitdec.vhd:79]
INFO: [Synth 8-3491] module 'dec2x4' declared at 'C:/Users/Lauri/Downloads/Lab2_GenericDecoder/Lab2_GenericDecoder - Copy/Lab2_GenericDecoder.srcs/sources_1/new/dec2x4.vhd:34' bound to instance 'D2x4' of component 'dec2x4' [C:/Users/Lauri/Downloads/Lab2_GenericDecoder/Lab2_GenericDecoder - Copy/Lab2_GenericDecoder.srcs/sources_1/new/Nbitdec.vhd:79]
INFO: [Synth 8-3491] module 'dec2x4' declared at 'C:/Users/Lauri/Downloads/Lab2_GenericDecoder/Lab2_GenericDecoder - Copy/Lab2_GenericDecoder.srcs/sources_1/new/dec2x4.vhd:34' bound to instance 'D2x4' of component 'dec2x4' [C:/Users/Lauri/Downloads/Lab2_GenericDecoder/Lab2_GenericDecoder - Copy/Lab2_GenericDecoder.srcs/sources_1/new/Nbitdec.vhd:79]
INFO: [Synth 8-3491] module 'dec2x4' declared at 'C:/Users/Lauri/Downloads/Lab2_GenericDecoder/Lab2_GenericDecoder - Copy/Lab2_GenericDecoder.srcs/sources_1/new/dec2x4.vhd:34' bound to instance 'D2x4' of component 'dec2x4' [C:/Users/Lauri/Downloads/Lab2_GenericDecoder/Lab2_GenericDecoder - Copy/Lab2_GenericDecoder.srcs/sources_1/new/Nbitdec.vhd:79]
INFO: [Synth 8-3491] module 'dec2x4' declared at 'C:/Users/Lauri/Downloads/Lab2_GenericDecoder/Lab2_GenericDecoder - Copy/Lab2_GenericDecoder.srcs/sources_1/new/dec2x4.vhd:34' bound to instance 'D2x4' of component 'dec2x4' [C:/Users/Lauri/Downloads/Lab2_GenericDecoder/Lab2_GenericDecoder - Copy/Lab2_GenericDecoder.srcs/sources_1/new/Nbitdec.vhd:79]
INFO: [Synth 8-3491] module 'dec2x4' declared at 'C:/Users/Lauri/Downloads/Lab2_GenericDecoder/Lab2_GenericDecoder - Copy/Lab2_GenericDecoder.srcs/sources_1/new/dec2x4.vhd:34' bound to instance 'D2x4' of component 'dec2x4' [C:/Users/Lauri/Downloads/Lab2_GenericDecoder/Lab2_GenericDecoder - Copy/Lab2_GenericDecoder.srcs/sources_1/new/Nbitdec.vhd:79]
INFO: [Synth 8-3491] module 'dec2x4' declared at 'C:/Users/Lauri/Downloads/Lab2_GenericDecoder/Lab2_GenericDecoder - Copy/Lab2_GenericDecoder.srcs/sources_1/new/dec2x4.vhd:34' bound to instance 'D2x4' of component 'dec2x4' [C:/Users/Lauri/Downloads/Lab2_GenericDecoder/Lab2_GenericDecoder - Copy/Lab2_GenericDecoder.srcs/sources_1/new/Nbitdec.vhd:79]
INFO: [Synth 8-3491] module 'dec2x4' declared at 'C:/Users/Lauri/Downloads/Lab2_GenericDecoder/Lab2_GenericDecoder - Copy/Lab2_GenericDecoder.srcs/sources_1/new/dec2x4.vhd:34' bound to instance 'D2x4' of component 'dec2x4' [C:/Users/Lauri/Downloads/Lab2_GenericDecoder/Lab2_GenericDecoder - Copy/Lab2_GenericDecoder.srcs/sources_1/new/Nbitdec.vhd:79]
INFO: [Synth 8-3491] module 'dec2x4' declared at 'C:/Users/Lauri/Downloads/Lab2_GenericDecoder/Lab2_GenericDecoder - Copy/Lab2_GenericDecoder.srcs/sources_1/new/dec2x4.vhd:34' bound to instance 'D2x4' of component 'dec2x4' [C:/Users/Lauri/Downloads/Lab2_GenericDecoder/Lab2_GenericDecoder - Copy/Lab2_GenericDecoder.srcs/sources_1/new/Nbitdec.vhd:79]
INFO: [Synth 8-3491] module 'dec2x4' declared at 'C:/Users/Lauri/Downloads/Lab2_GenericDecoder/Lab2_GenericDecoder - Copy/Lab2_GenericDecoder.srcs/sources_1/new/dec2x4.vhd:34' bound to instance 'D2x4' of component 'dec2x4' [C:/Users/Lauri/Downloads/Lab2_GenericDecoder/Lab2_GenericDecoder - Copy/Lab2_GenericDecoder.srcs/sources_1/new/Nbitdec.vhd:79]
	Parameter WIDTH bound to: 16 - type: integer 
INFO: [Synth 8-3491] module 'mux_2x1' declared at 'C:/Users/Lauri/Downloads/Lab2_GenericDecoder/Lab2_GenericDecoder - Copy/Lab2_GenericDecoder.srcs/sources_1/new/mux_2x1.vhd:34' bound to instance 'DEC_2MUX' of component 'mux_2x1' [C:/Users/Lauri/Downloads/Lab2_GenericDecoder/Lab2_GenericDecoder - Copy/Lab2_GenericDecoder.srcs/sources_1/new/Nbitdec.vhd:94]
INFO: [Synth 8-638] synthesizing module 'mux_2x1' [C:/Users/Lauri/Downloads/Lab2_GenericDecoder/Lab2_GenericDecoder - Copy/Lab2_GenericDecoder.srcs/sources_1/new/mux_2x1.vhd:46]
	Parameter WIDTH bound to: 16 - type: integer 
INFO: [Synth 8-226] default block is never used [C:/Users/Lauri/Downloads/Lab2_GenericDecoder/Lab2_GenericDecoder - Copy/Lab2_GenericDecoder.srcs/sources_1/new/mux_2x1.vhd:55]
INFO: [Synth 8-256] done synthesizing module 'mux_2x1' (2#1) [C:/Users/Lauri/Downloads/Lab2_GenericDecoder/Lab2_GenericDecoder - Copy/Lab2_GenericDecoder.srcs/sources_1/new/mux_2x1.vhd:46]
INFO: [Synth 8-256] done synthesizing module 'Nbitdec' (3#1) [C:/Users/Lauri/Downloads/Lab2_GenericDecoder/Lab2_GenericDecoder - Copy/Lab2_GenericDecoder.srcs/sources_1/new/Nbitdec.vhd:46]
---------------------------------------------------------------------------------
Finished RTL Elaboration : Time (s): cpu = 00:00:04 ; elapsed = 00:00:04 . Memory (MB): peak = 1620.516 ; gain = 298.070
---------------------------------------------------------------------------------
---------------------------------------------------------------------------------
Start Handling Custom Attributes
---------------------------------------------------------------------------------
---------------------------------------------------------------------------------
Finished Handling Custom Attributes : Time (s): cpu = 00:00:05 ; elapsed = 00:00:04 . Memory (MB): peak = 1623.027 ; gain = 300.582
---------------------------------------------------------------------------------
---------------------------------------------------------------------------------
Finished RTL Optimization Phase 1 : Time (s): cpu = 00:00:05 ; elapsed = 00:00:04 . Memory (MB): peak = 1623.027 ; gain = 300.582
---------------------------------------------------------------------------------
Netlist sorting complete. Time (s): cpu = 00:00:00 ; elapsed = 00:00:00.001 . Memory (MB): peak = 1623.027 ; gain = 0.000
INFO: [Project 1-570] Preparing netlist for logic optimization

Processing XDC Constraints
Initializing timing engine
Completed Processing XDC Constraints

Netlist sorting complete. Time (s): cpu = 00:00:00 ; elapsed = 00:00:00 . Memory (MB): peak = 1736.098 ; gain = 0.000
INFO: [Project 1-111] Unisim Transformation Summary:
No Unisim elements were transformed.

RTL Elaboration Complete:  : Time (s): cpu = 00:00:15 ; elapsed = 00:00:08 . Memory (MB): peak = 1846.652 ; gain = 524.207
33 Infos, 1 Warnings, 0 Critical Warnings and 0 Errors encountered.
synth_design completed successfully
synth_design: Time (s): cpu = 00:00:20 ; elapsed = 00:00:13 . Memory (MB): peak = 1846.652 ; gain = 736.984
exit
INFO: [Common 17-206] Exiting Vivado at Wed Feb 17 17:54:52 2021...
