#-----------------------------------------------------------
# Vivado v2020.2 (64-bit)
# SW Build 3064766 on Wed Nov 18 09:12:45 MST 2020
# IP Build 3064653 on Wed Nov 18 14:17:31 MST 2020
# Start of session at: Tue Feb 16 09:49:42 2021
# Process ID: 24468
# Current directory: C:/Users/Lauri/Downloads/Lab2_GenericDecoder/Lab2_GenericDecoder - Copy
# Command line: vivado.exe -gui_launcher_event rodinguilauncherevent11532 C:\Users\Lauri\Downloads\Lab2_GenericDecoder\Lab2_GenericDecoder - Copy\Lab2_GenericDecoder.xpr
# Log file: C:/Users/Lauri/Downloads/Lab2_GenericDecoder/Lab2_GenericDecoder - Copy/vivado.log
# Journal file: C:/Users/Lauri/Downloads/Lab2_GenericDecoder/Lab2_GenericDecoder - Copy\vivado.jou
#-----------------------------------------------------------
start_gui
open_project {C:/Users/Lauri/Downloads/Lab2_GenericDecoder/Lab2_GenericDecoder - Copy/Lab2_GenericDecoder.xpr}
INFO: [Project 1-313] Project file moved from 'D:/School/Spring 21/VHDL_ECE4304/Code/Lab2_GenericDecoder' since last save.
Scanning sources...
Finished scanning sources
INFO: [Project 1-230] Project 'Lab2_GenericDecoder.xpr' upgraded for this version of Vivado.
INFO: [IP_Flow 19-234] Refreshing IP repositories
INFO: [IP_Flow 19-1704] No user IP repositories specified
INFO: [IP_Flow 19-2313] Loaded Vivado IP repository 'C:/Xilinx/Vivado/2020.2/data/ip'.
open_project: Time (s): cpu = 00:00:17 ; elapsed = 00:00:07 . Memory (MB): peak = 1109.781 ; gain = 0.000
update_compile_order -fileset sources_1
reset_run synth_1
launch_runs synth_1 -jobs 6
[Tue Feb 16 09:52:27 2021] Launched synth_1...
Run output will be captured here: C:/Users/Lauri/Downloads/Lab2_GenericDecoder/Lab2_GenericDecoder - Copy/Lab2_GenericDecoder.runs/synth_1/runme.log
launch_runs impl_1 -jobs 6
[Tue Feb 16 09:53:09 2021] Launched impl_1...
Run output will be captured here: C:/Users/Lauri/Downloads/Lab2_GenericDecoder/Lab2_GenericDecoder - Copy/Lab2_GenericDecoder.runs/impl_1/runme.log
open_run synth_1 -name synth_1
Design is defaulting to impl run constrset: constrs_1
Design is defaulting to synth run part: xc7a100tcsg324-1
INFO: [Device 21-403] Loading part xc7a100tcsg324-1
Netlist sorting complete. Time (s): cpu = 00:00:00 ; elapsed = 00:00:00.002 . Memory (MB): peak = 1336.531 ; gain = 0.000
INFO: [Project 1-479] Netlist was created with Vivado 2020.2
INFO: [Project 1-570] Preparing netlist for logic optimization
INFO: [Opt 31-138] Pushed 0 inverter(s) to 0 load pin(s).
Netlist sorting complete. Time (s): cpu = 00:00:00 ; elapsed = 00:00:00 . Memory (MB): peak = 1414.238 ; gain = 0.000
INFO: [Project 1-111] Unisim Transformation Summary:
No Unisim elements were transformed.

open_run: Time (s): cpu = 00:00:21 ; elapsed = 00:00:12 . Memory (MB): peak = 1554.797 ; gain = 445.016
launch_simulation
Command: launch_simulation 
INFO: [Vivado 12-5682] Launching behavioral simulation in 'C:/Users/Lauri/Downloads/Lab2_GenericDecoder/Lab2_GenericDecoder - Copy/Lab2_GenericDecoder.sim/sim_1/behav/xsim'
INFO: [SIM-utils-51] Simulation object is 'sim_1'
INFO: [SIM-utils-54] Inspecting design source files for 'Nbitdec_TB' in fileset 'sim_1'...
INFO: [USF-XSim-97] Finding global include files...
INFO: [USF-XSim-98] Fetching design files from 'sim_1'...
INFO: [USF-XSim-2] XSim::Compile design
INFO: [USF-XSim-61] Executing 'COMPILE and ANALYZE' step in 'C:/Users/Lauri/Downloads/Lab2_GenericDecoder/Lab2_GenericDecoder - Copy/Lab2_GenericDecoder.sim/sim_1/behav/xsim'
"xvhdl --incr --relax -prj Nbitdec_TB_vhdl.prj"
INFO: [VRFC 10-163] Analyzing VHDL file "C:/Users/Lauri/Downloads/Lab2_GenericDecoder/Lab2_GenericDecoder - Copy/Lab2_GenericDecoder.srcs/sources_1/new/Nbitdec.vhd" into library xil_defaultlib
INFO: [VRFC 10-3107] analyzing entity 'Nbitdec'
WARNING: [VRFC 10-3093] actual for formal port 'rst' is neither a static name nor a globally static expression [C:/Users/Lauri/Downloads/Lab2_GenericDecoder/Lab2_GenericDecoder - Copy/Lab2_GenericDecoder.srcs/sources_1/new/Nbitdec.vhd:81]
INFO: [VRFC 10-163] Analyzing VHDL file "C:/Users/Lauri/Downloads/Lab2_GenericDecoder/Lab2_GenericDecoder - Copy/Lab2_GenericDecoder.srcs/sources_1/new/dec2x4.vhd" into library xil_defaultlib
INFO: [VRFC 10-3107] analyzing entity 'dec2x4'
INFO: [VRFC 10-163] Analyzing VHDL file "C:/Users/Lauri/Downloads/Lab2_GenericDecoder/Lab2_GenericDecoder - Copy/Lab2_GenericDecoder.srcs/sources_1/new/mux_2x1.vhd" into library xil_defaultlib
INFO: [VRFC 10-3107] analyzing entity 'mux_2x1'
INFO: [VRFC 10-163] Analyzing VHDL file "C:/Users/Lauri/Downloads/Lab2_GenericDecoder/Lab2_GenericDecoder - Copy/Lab2_GenericDecoder.srcs/sim_1/new/Nbitdec_TB.vhd" into library xil_defaultlib
INFO: [VRFC 10-3107] analyzing entity 'Nbitdec_TB'
INFO: [USF-XSim-69] 'compile' step finished in '1' seconds
INFO: [USF-XSim-3] XSim::Elaborate design
INFO: [USF-XSim-61] Executing 'ELABORATE' step in 'C:/Users/Lauri/Downloads/Lab2_GenericDecoder/Lab2_GenericDecoder - Copy/Lab2_GenericDecoder.sim/sim_1/behav/xsim'
"xelab -wto 01f8425da7184b7593e30e94a57490ef --incr --debug typical --relax --mt 2 -L xil_defaultlib -L secureip --snapshot Nbitdec_TB_behav xil_defaultlib.Nbitdec_TB -log elaborate.log"
Vivado Simulator 2020.2
Copyright 1986-1999, 2001-2020 Xilinx, Inc. All Rights Reserved.
Running: C:/Xilinx/Vivado/2020.2/bin/unwrapped/win64.o/xelab.exe -wto 01f8425da7184b7593e30e94a57490ef --incr --debug typical --relax --mt 2 -L xil_defaultlib -L secureip --snapshot Nbitdec_TB_behav xil_defaultlib.Nbitdec_TB -log elaborate.log 
Using 2 slave threads.
Starting static elaboration
Completed static elaboration
Starting simulation data flow analysis
Completed simulation data flow analysis
Time Resolution for simulation is 1ps
Compiling package std.standard
Compiling package std.textio
Compiling package ieee.std_logic_1164
Compiling architecture behavioral of entity xil_defaultlib.dec2x4 [dec2x4_default]
Compiling architecture structural of entity xil_defaultlib.mux_2x1 [mux_2x1_default]
Compiling architecture behavioral of entity xil_defaultlib.Nbitdec [nbitdec_default]
Compiling architecture behavioral of entity xil_defaultlib.nbitdec_tb
Built simulation snapshot Nbitdec_TB_behav
INFO: [USF-XSim-69] 'elaborate' step finished in '4' seconds
INFO: [USF-XSim-4] XSim::Simulate design
INFO: [USF-XSim-61] Executing 'SIMULATE' step in 'C:/Users/Lauri/Downloads/Lab2_GenericDecoder/Lab2_GenericDecoder - Copy/Lab2_GenericDecoder.sim/sim_1/behav/xsim'
INFO: [USF-XSim-98] *** Running xsim
   with args "Nbitdec_TB_behav -key {Behavioral:sim_1:Functional:Nbitdec_TB} -tclbatch {Nbitdec_TB.tcl} -log {simulate.log}"
INFO: [USF-XSim-8] Loading simulator feature
Vivado Simulator 2020.2
Time resolution is 1 ps
source Nbitdec_TB.tcl
# set curr_wave [current_wave_config]
# if { [string length $curr_wave] == 0 } {
#   if { [llength [get_objects]] > 0} {
#     add_wave /
#     set_property needs_save false [current_wave_config]
#   } else {
#      send_msg_id Add_Wave-1 WARNING "No top level signals found. Simulator will start without a wave window. If you want to open a wave window go to 'File->New Waveform Configuration' or type 'create_wave_config' in the TCL console."
#   }
# }
# run 1000ns
INFO: [USF-XSim-96] XSim completed. Design snapshot 'Nbitdec_TB_behav' loaded.
INFO: [USF-XSim-97] XSim simulation ran for 1000ns
launch_simulation: Time (s): cpu = 00:00:07 ; elapsed = 00:00:10 . Memory (MB): peak = 1615.676 ; gain = 56.680
write_schematic C:/Users/Lauri/Desktop/Spring2021/4304VHDL/Labs/schematic.sch
C:/Users/Lauri/Desktop/Spring2021/4304VHDL/Labs/schematic.sch
write_schematic -format pdf -orientation portrait C:/Users/Lauri/Desktop/Spring2021/4304VHDL/Labs/schematic.pdf
C:/Users/Lauri/Desktop/Spring2021/4304VHDL/Labs/schematic.pdf
write_schematic -format pdf -orientation portrait C:/Users/Lauri/Desktop/Spring2021/4304VHDL/Labs/schematic.pdf
C:/Users/Lauri/Desktop/Spring2021/4304VHDL/Labs/schematic.pdf
synth_design -rtl -rtl_skip_mlo -name rtl_1
Command: synth_design -rtl -rtl_skip_mlo -name rtl_1
Starting synth_design
Using part: xc7a100tcsg324-1
Top: Nbitdec
---------------------------------------------------------------------------------
Starting RTL Elaboration : Time (s): cpu = 00:00:03 ; elapsed = 00:00:03 . Memory (MB): peak = 1949.383 ; gain = 218.059
---------------------------------------------------------------------------------
WARNING: [Synth 8-1565] actual for formal port rst is neither a static name nor a globally static expression [C:/Users/Lauri/Downloads/Lab2_GenericDecoder/Lab2_GenericDecoder - Copy/Lab2_GenericDecoder.srcs/sources_1/new/Nbitdec.vhd:81]
INFO: [Synth 8-638] synthesizing module 'Nbitdec' [C:/Users/Lauri/Downloads/Lab2_GenericDecoder/Lab2_GenericDecoder - Copy/Lab2_GenericDecoder.srcs/sources_1/new/Nbitdec.vhd:46]
	Parameter N bound to: 5 - type: integer 
	Parameter inMUX bound to: 16 - type: integer 
INFO: [Synth 8-3491] module 'dec2x4' declared at 'C:/Users/Lauri/Downloads/Lab2_GenericDecoder/Lab2_GenericDecoder - Copy/Lab2_GenericDecoder.srcs/sources_1/new/dec2x4.vhd:34' bound to instance 'D2x4' of component 'dec2x4' [C:/Users/Lauri/Downloads/Lab2_GenericDecoder/Lab2_GenericDecoder - Copy/Lab2_GenericDecoder.srcs/sources_1/new/Nbitdec.vhd:79]
INFO: [Synth 8-638] synthesizing module 'dec2x4' [C:/Users/Lauri/Downloads/Lab2_GenericDecoder/Lab2_GenericDecoder - Copy/Lab2_GenericDecoder.srcs/sources_1/new/dec2x4.vhd:43]
INFO: [Synth 8-226] default block is never used [C:/Users/Lauri/Downloads/Lab2_GenericDecoder/Lab2_GenericDecoder - Copy/Lab2_GenericDecoder.srcs/sources_1/new/dec2x4.vhd:52]
INFO: [Synth 8-256] done synthesizing module 'dec2x4' (1#1) [C:/Users/Lauri/Downloads/Lab2_GenericDecoder/Lab2_GenericDecoder - Copy/Lab2_GenericDecoder.srcs/sources_1/new/dec2x4.vhd:43]
INFO: [Synth 8-3491] module 'dec2x4' declared at 'C:/Users/Lauri/Downloads/Lab2_GenericDecoder/Lab2_GenericDecoder - Copy/Lab2_GenericDecoder.srcs/sources_1/new/dec2x4.vhd:34' bound to instance 'D2x4' of component 'dec2x4' [C:/Users/Lauri/Downloads/Lab2_GenericDecoder/Lab2_GenericDecoder - Copy/Lab2_GenericDecoder.srcs/sources_1/new/Nbitdec.vhd:79]
INFO: [Synth 8-3491] module 'dec2x4' declared at 'C:/Users/Lauri/Downloads/Lab2_GenericDecoder/Lab2_GenericDecoder - Copy/Lab2_GenericDecoder.srcs/sources_1/new/dec2x4.vhd:34' bound to instance 'D2x4' of component 'dec2x4' [C:/Users/Lauri/Downloads/Lab2_GenericDecoder/Lab2_GenericDecoder - Copy/Lab2_GenericDecoder.srcs/sources_1/new/Nbitdec.vhd:79]
INFO: [Synth 8-3491] module 'dec2x4' declared at 'C:/Users/Lauri/Downloads/Lab2_GenericDecoder/Lab2_GenericDecoder - Copy/Lab2_GenericDecoder.srcs/sources_1/new/dec2x4.vhd:34' bound to instance 'D2x4' of component 'dec2x4' [C:/Users/Lauri/Downloads/Lab2_GenericDecoder/Lab2_GenericDecoder - Copy/Lab2_GenericDecoder.srcs/sources_1/new/Nbitdec.vhd:79]
INFO: [Synth 8-3491] module 'dec2x4' declared at 'C:/Users/Lauri/Downloads/Lab2_GenericDecoder/Lab2_GenericDecoder - Copy/Lab2_GenericDecoder.srcs/sources_1/new/dec2x4.vhd:34' bound to instance 'D2x4' of component 'dec2x4' [C:/Users/Lauri/Downloads/Lab2_GenericDecoder/Lab2_GenericDecoder - Copy/Lab2_GenericDecoder.srcs/sources_1/new/Nbitdec.vhd:79]
INFO: [Synth 8-3491] module 'dec2x4' declared at 'C:/Users/Lauri/Downloads/Lab2_GenericDecoder/Lab2_GenericDecoder - Copy/Lab2_GenericDecoder.srcs/sources_1/new/dec2x4.vhd:34' bound to instance 'D2x4' of component 'dec2x4' [C:/Users/Lauri/Downloads/Lab2_GenericDecoder/Lab2_GenericDecoder - Copy/Lab2_GenericDecoder.srcs/sources_1/new/Nbitdec.vhd:79]
INFO: [Synth 8-3491] module 'dec2x4' declared at 'C:/Users/Lauri/Downloads/Lab2_GenericDecoder/Lab2_GenericDecoder - Copy/Lab2_GenericDecoder.srcs/sources_1/new/dec2x4.vhd:34' bound to instance 'D2x4' of component 'dec2x4' [C:/Users/Lauri/Downloads/Lab2_GenericDecoder/Lab2_GenericDecoder - Copy/Lab2_GenericDecoder.srcs/sources_1/new/Nbitdec.vhd:79]
INFO: [Synth 8-3491] module 'dec2x4' declared at 'C:/Users/Lauri/Downloads/Lab2_GenericDecoder/Lab2_GenericDecoder - Copy/Lab2_GenericDecoder.srcs/sources_1/new/dec2x4.vhd:34' bound to instance 'D2x4' of component 'dec2x4' [C:/Users/Lauri/Downloads/Lab2_GenericDecoder/Lab2_GenericDecoder - Copy/Lab2_GenericDecoder.srcs/sources_1/new/Nbitdec.vhd:79]
INFO: [Synth 8-3491] module 'dec2x4' declared at 'C:/Users/Lauri/Downloads/Lab2_GenericDecoder/Lab2_GenericDecoder - Copy/Lab2_GenericDecoder.srcs/sources_1/new/dec2x4.vhd:34' bound to instance 'D2x4' of component 'dec2x4' [C:/Users/Lauri/Downloads/Lab2_GenericDecoder/Lab2_GenericDecoder - Copy/Lab2_GenericDecoder.srcs/sources_1/new/Nbitdec.vhd:79]
INFO: [Synth 8-3491] module 'dec2x4' declared at 'C:/Users/Lauri/Downloads/Lab2_GenericDecoder/Lab2_GenericDecoder - Copy/Lab2_GenericDecoder.srcs/sources_1/new/dec2x4.vhd:34' bound to instance 'D2x4' of component 'dec2x4' [C:/Users/Lauri/Downloads/Lab2_GenericDecoder/Lab2_GenericDecoder - Copy/Lab2_GenericDecoder.srcs/sources_1/new/Nbitdec.vhd:79]
INFO: [Synth 8-3491] module 'dec2x4' declared at 'C:/Users/Lauri/Downloads/Lab2_GenericDecoder/Lab2_GenericDecoder - Copy/Lab2_GenericDecoder.srcs/sources_1/new/dec2x4.vhd:34' bound to instance 'D2x4' of component 'dec2x4' [C:/Users/Lauri/Downloads/Lab2_GenericDecoder/Lab2_GenericDecoder - Copy/Lab2_GenericDecoder.srcs/sources_1/new/Nbitdec.vhd:79]
INFO: [Synth 8-3491] module 'dec2x4' declared at 'C:/Users/Lauri/Downloads/Lab2_GenericDecoder/Lab2_GenericDecoder - Copy/Lab2_GenericDecoder.srcs/sources_1/new/dec2x4.vhd:34' bound to instance 'D2x4' of component 'dec2x4' [C:/Users/Lauri/Downloads/Lab2_GenericDecoder/Lab2_GenericDecoder - Copy/Lab2_GenericDecoder.srcs/sources_1/new/Nbitdec.vhd:79]
INFO: [Synth 8-3491] module 'dec2x4' declared at 'C:/Users/Lauri/Downloads/Lab2_GenericDecoder/Lab2_GenericDecoder - Copy/Lab2_GenericDecoder.srcs/sources_1/new/dec2x4.vhd:34' bound to instance 'D2x4' of component 'dec2x4' [C:/Users/Lauri/Downloads/Lab2_GenericDecoder/Lab2_GenericDecoder - Copy/Lab2_GenericDecoder.srcs/sources_1/new/Nbitdec.vhd:79]
INFO: [Synth 8-3491] module 'dec2x4' declared at 'C:/Users/Lauri/Downloads/Lab2_GenericDecoder/Lab2_GenericDecoder - Copy/Lab2_GenericDecoder.srcs/sources_1/new/dec2x4.vhd:34' bound to instance 'D2x4' of component 'dec2x4' [C:/Users/Lauri/Downloads/Lab2_GenericDecoder/Lab2_GenericDecoder - Copy/Lab2_GenericDecoder.srcs/sources_1/new/Nbitdec.vhd:79]
INFO: [Synth 8-3491] module 'dec2x4' declared at 'C:/Users/Lauri/Downloads/Lab2_GenericDecoder/Lab2_GenericDecoder - Copy/Lab2_GenericDecoder.srcs/sources_1/new/dec2x4.vhd:34' bound to instance 'D2x4' of component 'dec2x4' [C:/Users/Lauri/Downloads/Lab2_GenericDecoder/Lab2_GenericDecoder - Copy/Lab2_GenericDecoder.srcs/sources_1/new/Nbitdec.vhd:79]
INFO: [Synth 8-3491] module 'dec2x4' declared at 'C:/Users/Lauri/Downloads/Lab2_GenericDecoder/Lab2_GenericDecoder - Copy/Lab2_GenericDecoder.srcs/sources_1/new/dec2x4.vhd:34' bound to instance 'D2x4' of component 'dec2x4' [C:/Users/Lauri/Downloads/Lab2_GenericDecoder/Lab2_GenericDecoder - Copy/Lab2_GenericDecoder.srcs/sources_1/new/Nbitdec.vhd:79]
INFO: [Synth 8-3491] module 'dec2x4' declared at 'C:/Users/Lauri/Downloads/Lab2_GenericDecoder/Lab2_GenericDecoder - Copy/Lab2_GenericDecoder.srcs/sources_1/new/dec2x4.vhd:34' bound to instance 'D2x4' of component 'dec2x4' [C:/Users/Lauri/Downloads/Lab2_GenericDecoder/Lab2_GenericDecoder - Copy/Lab2_GenericDecoder.srcs/sources_1/new/Nbitdec.vhd:79]
INFO: [Synth 8-3491] module 'dec2x4' declared at 'C:/Users/Lauri/Downloads/Lab2_GenericDecoder/Lab2_GenericDecoder - Copy/Lab2_GenericDecoder.srcs/sources_1/new/dec2x4.vhd:34' bound to instance 'D2x4' of component 'dec2x4' [C:/Users/Lauri/Downloads/Lab2_GenericDecoder/Lab2_GenericDecoder - Copy/Lab2_GenericDecoder.srcs/sources_1/new/Nbitdec.vhd:79]
INFO: [Synth 8-3491] module 'dec2x4' declared at 'C:/Users/Lauri/Downloads/Lab2_GenericDecoder/Lab2_GenericDecoder - Copy/Lab2_GenericDecoder.srcs/sources_1/new/dec2x4.vhd:34' bound to instance 'D2x4' of component 'dec2x4' [C:/Users/Lauri/Downloads/Lab2_GenericDecoder/Lab2_GenericDecoder - Copy/Lab2_GenericDecoder.srcs/sources_1/new/Nbitdec.vhd:79]
INFO: [Synth 8-3491] module 'dec2x4' declared at 'C:/Users/Lauri/Downloads/Lab2_GenericDecoder/Lab2_GenericDecoder - Copy/Lab2_GenericDecoder.srcs/sources_1/new/dec2x4.vhd:34' bound to instance 'D2x4' of component 'dec2x4' [C:/Users/Lauri/Downloads/Lab2_GenericDecoder/Lab2_GenericDecoder - Copy/Lab2_GenericDecoder.srcs/sources_1/new/Nbitdec.vhd:79]
INFO: [Synth 8-3491] module 'dec2x4' declared at 'C:/Users/Lauri/Downloads/Lab2_GenericDecoder/Lab2_GenericDecoder - Copy/Lab2_GenericDecoder.srcs/sources_1/new/dec2x4.vhd:34' bound to instance 'D2x4' of component 'dec2x4' [C:/Users/Lauri/Downloads/Lab2_GenericDecoder/Lab2_GenericDecoder - Copy/Lab2_GenericDecoder.srcs/sources_1/new/Nbitdec.vhd:79]
	Parameter WIDTH bound to: 16 - type: integer 
INFO: [Synth 8-3491] module 'mux_2x1' declared at 'C:/Users/Lauri/Downloads/Lab2_GenericDecoder/Lab2_GenericDecoder - Copy/Lab2_GenericDecoder.srcs/sources_1/new/mux_2x1.vhd:34' bound to instance 'DEC_2MUX' of component 'mux_2x1' [C:/Users/Lauri/Downloads/Lab2_GenericDecoder/Lab2_GenericDecoder - Copy/Lab2_GenericDecoder.srcs/sources_1/new/Nbitdec.vhd:94]
INFO: [Synth 8-638] synthesizing module 'mux_2x1' [C:/Users/Lauri/Downloads/Lab2_GenericDecoder/Lab2_GenericDecoder - Copy/Lab2_GenericDecoder.srcs/sources_1/new/mux_2x1.vhd:46]
	Parameter WIDTH bound to: 16 - type: integer 
INFO: [Synth 8-226] default block is never used [C:/Users/Lauri/Downloads/Lab2_GenericDecoder/Lab2_GenericDecoder - Copy/Lab2_GenericDecoder.srcs/sources_1/new/mux_2x1.vhd:55]
INFO: [Synth 8-256] done synthesizing module 'mux_2x1' (2#1) [C:/Users/Lauri/Downloads/Lab2_GenericDecoder/Lab2_GenericDecoder - Copy/Lab2_GenericDecoder.srcs/sources_1/new/mux_2x1.vhd:46]
INFO: [Synth 8-256] done synthesizing module 'Nbitdec' (3#1) [C:/Users/Lauri/Downloads/Lab2_GenericDecoder/Lab2_GenericDecoder - Copy/Lab2_GenericDecoder.srcs/sources_1/new/Nbitdec.vhd:46]
---------------------------------------------------------------------------------
Finished RTL Elaboration : Time (s): cpu = 00:00:04 ; elapsed = 00:00:04 . Memory (MB): peak = 2004.691 ; gain = 273.367
---------------------------------------------------------------------------------
---------------------------------------------------------------------------------
Start Handling Custom Attributes
---------------------------------------------------------------------------------
---------------------------------------------------------------------------------
Finished Handling Custom Attributes : Time (s): cpu = 00:00:04 ; elapsed = 00:00:05 . Memory (MB): peak = 2004.691 ; gain = 273.367
---------------------------------------------------------------------------------
---------------------------------------------------------------------------------
Finished RTL Optimization Phase 1 : Time (s): cpu = 00:00:04 ; elapsed = 00:00:05 . Memory (MB): peak = 2004.691 ; gain = 273.367
---------------------------------------------------------------------------------
Netlist sorting complete. Time (s): cpu = 00:00:00 ; elapsed = 00:00:00.001 . Memory (MB): peak = 2004.691 ; gain = 0.000
INFO: [Project 1-570] Preparing netlist for logic optimization

Processing XDC Constraints
Initializing timing engine
Completed Processing XDC Constraints

Netlist sorting complete. Time (s): cpu = 00:00:00 ; elapsed = 00:00:00.001 . Memory (MB): peak = 2087.348 ; gain = 0.000
INFO: [Project 1-111] Unisim Transformation Summary:
No Unisim elements were transformed.

RTL Elaboration Complete:  : Time (s): cpu = 00:00:07 ; elapsed = 00:00:07 . Memory (MB): peak = 2123.617 ; gain = 392.293
32 Infos, 1 Warnings, 0 Critical Warnings and 0 Errors encountered.
synth_design completed successfully
synth_design: Time (s): cpu = 00:00:07 ; elapsed = 00:00:07 . Memory (MB): peak = 2123.617 ; gain = 392.293
reset_run synth_1
WARNING: [Vivado 12-1017] Problems encountered:
1. Failed to delete one or more files in run directory C:/Users/Lauri/Downloads/Lab2_GenericDecoder/Lab2_GenericDecoder - Copy/Lab2_GenericDecoder.runs/synth_1

launch_runs synth_1 -jobs 6
[Tue Feb 16 16:20:50 2021] Launched synth_1...
Run output will be captured here: C:/Users/Lauri/Downloads/Lab2_GenericDecoder/Lab2_GenericDecoder - Copy/Lab2_GenericDecoder.runs/synth_1/runme.log
launch_runs impl_1 -jobs 6
WARNING: [Project 1-478] Design 'synth_1' is stale and will not be used when launching 'impl_1'
[Tue Feb 16 16:21:22 2021] Launched impl_1...
Run output will be captured here: C:/Users/Lauri/Downloads/Lab2_GenericDecoder/Lab2_GenericDecoder - Copy/Lab2_GenericDecoder.runs/impl_1/runme.log
close_sim
INFO: [Simtcl 6-16] Simulation closed
exit
INFO: [Common 17-206] Exiting Vivado at Tue Feb 16 18:11:15 2021...
