#-----------------------------------------------------------
# Vivado v2020.2 (64-bit)
# SW Build 3064766 on Wed Nov 18 09:12:45 MST 2020
# IP Build 3064653 on Wed Nov 18 14:17:31 MST 2020
# Start of session at: Wed Mar  3 14:49:15 2021
# Process ID: 7572
# Current directory: C:/Users/Lauri/Downloads/ECE4304L_Lab4_VHDL/ECE4304L_Lab4_VHDL
# Command line: vivado.exe -gui_launcher_event rodinguilauncherevent10144 C:\Users\Lauri\Downloads\ECE4304L_Lab4_VHDL\ECE4304L_Lab4_VHDL\ECE4304L_Lab4_VHDL.xpr
# Log file: C:/Users/Lauri/Downloads/ECE4304L_Lab4_VHDL/ECE4304L_Lab4_VHDL/vivado.log
# Journal file: C:/Users/Lauri/Downloads/ECE4304L_Lab4_VHDL/ECE4304L_Lab4_VHDL\vivado.jou
#-----------------------------------------------------------
start_gui
open_project C:/Users/Lauri/Downloads/ECE4304L_Lab4_VHDL/ECE4304L_Lab4_VHDL/ECE4304L_Lab4_VHDL.xpr
Scanning sources...
Finished scanning sources
INFO: [IP_Flow 19-234] Refreshing IP repositories
INFO: [IP_Flow 19-1704] No user IP repositories specified
INFO: [IP_Flow 19-2313] Loaded Vivado IP repository 'C:/Xilinx/Vivado/2020.2/data/ip'.
open_project: Time (s): cpu = 00:00:17 ; elapsed = 00:00:06 . Memory (MB): peak = 1105.977 ; gain = 0.000
update_compile_order -fileset sources_1
exit
INFO: [Common 17-206] Exiting Vivado at Wed Mar  3 14:51:57 2021...
