Vivado Simulator 2019.1
Copyright 1986-1999, 2001-2019 Xilinx, Inc. All Rights Reserved.
Running: C:/Xilinx/Vivado/2019.1/bin/unwrapped/win64.o/xelab.exe -wto 4f0348c0be21492dba2eed15887de047 --incr --debug typical --relax --mt 2 -L xil_defaultlib -L secureip --snapshot top_TB_behav xil_defaultlib.top_TB -log elaborate.log 
Using 2 slave threads.
Starting static elaboration
Completed static elaboration
Starting simulation data flow analysis
Completed simulation data flow analysis
Time Resolution for simulation is 1ps
Compiling package std.standard
Compiling package std.textio
Compiling package ieee.std_logic_1164
Compiling package ieee.numeric_std
Compiling architecture behavioral of entity xil_defaultlib.AU [au_default]
Compiling architecture behavioral of entity xil_defaultlib.ClkDivider [\ClkDivider(div=5)\]
Compiling architecture behavioral of entity xil_defaultlib.NBitCounter [nbitcounter_default]
Compiling architecture behavioral of entity xil_defaultlib.Mux7Seg [mux7seg_default]
Compiling architecture behavioral of entity xil_defaultlib.DecodeUpCnt [decodeupcnt_default]
Compiling architecture behavioral of entity xil_defaultlib.FourBitTo7Seg [fourbitto7seg_default]
Compiling architecture behavioral of entity xil_defaultlib.SevenSegCtrl [\SevenSegCtrl(div7=5)\]
Compiling architecture behavioral of entity xil_defaultlib.BinaryToBCD [binarytobcd_default]
Compiling architecture behavioral of entity xil_defaultlib.top [\top(top_div=5)\]
Compiling architecture behavioral of entity xil_defaultlib.top_tb
Built simulation snapshot top_TB_behav
